<?xml version="1.0" encoding="UTF-8"?>
<!-- Generated by org.testng.reporters.JUnitXMLReporter -->
<testsuite hostname="ATLANTISPC-143" ignored="0" name="Default test" tests="3" failures="0" timestamp="30 Apr 2019 09:51:12 GMT" time="37.77" errors="0">
  <testcase name="getStart" time="13.966" classname="com.ecw.cases.Login"/>
  <testcase name="loginToApp" time="15.137" classname="com.ecw.cases.Login"/>
  <testcase name="setPin" time="8.646" classname="com.ecw.cases.Login"/>
</testsuite> <!-- Default test -->
