<?xml version="1.0" encoding="UTF-8"?>
<!-- Generated by org.testng.reporters.JUnitXMLReporter -->
<testsuite hostname="ATLANTISPC-143" ignored="2" name="Test" tests="9" failures="6" timestamp="30 Apr 2019 09:52:55 GMT" time="36.894" errors="0">
  <testcase name="getStart" time="13.832" classname="com.ecw.cases.Login"/>
  <testcase name="loginToApp" time="11.365" classname="com.ecw.cases.Login"/>
  <testcase name="setPin" time="8.639" classname="com.ecw.cases.Login"/>
  <testcase name="verifyApptCenter" time="0.004" classname="com.ecw.cases.Dial">
    <failure type="java.lang.NullPointerException">
      <![CDATA[java.lang.NullPointerException
at com.ecw.cases.Dial.verifyApptCenter(Dial.java:62)
... Removed 25 stack frames]]>
    </failure>
  </testcase> <!-- verifyApptCenter -->
  <testcase name="verifyCheckIn" time="0.002" classname="com.ecw.cases.Dial">
    <failure type="java.lang.NullPointerException">
      <![CDATA[java.lang.NullPointerException
at com.ecw.cases.Dial.verifyCheckIn(Dial.java:48)
... Removed 25 stack frames]]>
    </failure>
  </testcase> <!-- verifyCheckIn -->
  <testcase name="verifyFindAppt" time="0.002" classname="com.ecw.cases.Dial">
    <failure type="java.lang.NullPointerException">
      <![CDATA[java.lang.NullPointerException
at com.ecw.cases.Dial.verifyFindAppt(Dial.java:41)
... Removed 25 stack frames]]>
    </failure>
  </testcase> <!-- verifyFindAppt -->
  <testcase name="verifyMed" time="0.001" classname="com.ecw.cases.Dial">
    <failure type="java.lang.NullPointerException">
      <![CDATA[java.lang.NullPointerException
at com.ecw.cases.Dial.verifyMed(Dial.java:55)
... Removed 25 stack frames]]>
    </failure>
  </testcase> <!-- verifyMed -->
  <testcase name="verifyMyRecords" time="3.001" classname="com.ecw.cases.Dial">
    <failure type="java.lang.NullPointerException">
      <![CDATA[java.lang.NullPointerException
at com.ecw.pages.DialPage.myRecords(DialPage.java:22)
at com.ecw.cases.Dial.verifyMyRecords(Dial.java:25)
... Removed 25 stack frames]]>
    </failure>
  </testcase> <!-- verifyMyRecords -->
  <testcase name="verifyTrackers" time="0.003" classname="com.ecw.cases.Dial">
    <failure type="java.lang.NullPointerException">
      <![CDATA[java.lang.NullPointerException
at com.ecw.pages.DialPage.trackers(DialPage.java:29)
at com.ecw.cases.Dial.verifyTrackers(Dial.java:34)
... Removed 25 stack frames]]>
    </failure>
  </testcase> <!-- verifyTrackers -->
  <testcase name="@AfterSuite tearDown" time="0.0" classname="com.ecw.cases.Config">
    <ignored/>
  </testcase> <!-- @AfterSuite tearDown -->
  <testcase name="@BeforeSuite setUp" time="0.0" classname="com.ecw.cases.Config">
    <ignored/>
  </testcase> <!-- @BeforeSuite setUp -->
</testsuite> <!-- Test -->
